<?xml version="1.0" encoding="UTF-8"?>
<!-- Generated by org.testng.reporters.JUnitReportReporter -->
<testsuite skipped="0" hostname="LAPTOP-NDCC04U7" name="handlewindow" tests="1" failures="0" timestamp="2020-01-05T09:02:17 CST" time="16.877" errors="0">
  <testcase name="ScrollHorizontally" time="16.877" classname="handlewindow"/>
</testsuite> <!-- handlewindow -->
